<?xml version="1.0" encoding="UTF-8"?>
<testng-results ignored="0" total="1" passed="0" failed="1" skipped="0">
  <reporter-output>
  </reporter-output>
  <suite started-at="2024-02-02T12:26:12 GMT" name="Suite" finished-at="2024-02-02T12:26:20 GMT" duration-ms="8035">
    <groups>
    </groups>
    <test started-at="2024-02-02T12:26:12 GMT" name="Test" finished-at="2024-02-02T12:26:20 GMT" duration-ms="8035">
      <class name="testCases.TC_PC_001_Compare_MacbookTest">
        <test-method is-config="true" signature="setup(java.lang.String)[pri:0, instance:testCases.TC_PC_001_Compare_MacbookTest@5b7a5baa]" started-at="2024-02-02T12:26:12 GMT" name="setup" finished-at="2024-02-02T12:26:15 GMT" duration-ms="2556" status="PASS">
          <params>
            <param index="0">
              <value>
                <![CDATA[Chrome]]>
              </value>
            </param>
          </params>
          <reporter-output>
          </reporter-output>
        </test-method> <!-- setup -->
        <test-method signature="MacbookTest()[pri:0, instance:testCases.TC_PC_001_Compare_MacbookTest@5b7a5baa]" started-at="2024-02-02T12:26:15 GMT" name="MacbookTest" finished-at="2024-02-02T12:26:16 GMT" duration-ms="853" status="FAIL">
          <exception class="java.lang.AssertionError">
            <message>
              <![CDATA[expected [MacBook1] but found [MacBook]]]>
            </message>
            <full-stacktrace>
              <![CDATA[java.lang.AssertionError: expected [MacBook1] but found [MacBook]
at org.testng.Assert.fail(Assert.java:111)
at org.testng.Assert.failNotEquals(Assert.java:1578)
at org.testng.Assert.assertEqualsImpl(Assert.java:150)
at org.testng.Assert.assertEquals(Assert.java:132)
at org.testng.Assert.assertEquals(Assert.java:656)
at org.testng.Assert.assertEquals(Assert.java:666)
at pageObject.SearchMacbookPage.verifyMacbookPage(SearchMacbookPage.java:31)
at testCases.TC_PC_001_Compare_MacbookTest.MacbookTest(TC_PC_001_Compare_MacbookTest.java:26)
at java.base/jdk.internal.reflect.DirectMethodHandleAccessor.invoke(DirectMethodHandleAccessor.java:104)
at java.base/java.lang.reflect.Method.invoke(Method.java:578)
at org.testng.internal.invokers.MethodInvocationHelper.invokeMethod(MethodInvocationHelper.java:139)
at org.testng.internal.invokers.TestInvoker.invokeMethod(TestInvoker.java:664)
at org.testng.internal.invokers.TestInvoker.invokeTestMethod(TestInvoker.java:228)
at org.testng.internal.invokers.MethodRunner.runInSequence(MethodRunner.java:63)
at org.testng.internal.invokers.TestInvoker$MethodInvocationAgent.invoke(TestInvoker.java:961)
at org.testng.internal.invokers.TestInvoker.invokeTestMethods(TestInvoker.java:201)
at org.testng.internal.invokers.TestMethodWorker.invokeTestMethods(TestMethodWorker.java:148)
at org.testng.internal.invokers.TestMethodWorker.run(TestMethodWorker.java:128)
at java.base/java.util.ArrayList.forEach(ArrayList.java:1511)
at org.testng.TestRunner.privateRun(TestRunner.java:819)
at org.testng.TestRunner.run(TestRunner.java:619)
at org.testng.SuiteRunner.runTest(SuiteRunner.java:443)
at org.testng.SuiteRunner.runSequentially(SuiteRunner.java:437)
at org.testng.SuiteRunner.privateRun(SuiteRunner.java:397)
at org.testng.SuiteRunner.run(SuiteRunner.java:336)
at org.testng.SuiteRunnerWorker.runSuite(SuiteRunnerWorker.java:52)
at org.testng.SuiteRunnerWorker.run(SuiteRunnerWorker.java:95)
at org.testng.TestNG.runSuitesSequentially(TestNG.java:1301)
at org.testng.TestNG.runSuitesLocally(TestNG.java:1228)
at org.testng.TestNG.runSuites(TestNG.java:1134)
at org.testng.TestNG.run(TestNG.java:1101)
at org.testng.remote.AbstractRemoteTestNG.run(AbstractRemoteTestNG.java:115)
at org.testng.remote.RemoteTestNG.initAndRun(RemoteTestNG.java:251)
at org.testng.remote.RemoteTestNG.main(RemoteTestNG.java:77)
]]>
            </full-stacktrace>
          </exception> <!-- java.lang.AssertionError -->
          <reporter-output>
          </reporter-output>
        </test-method> <!-- MacbookTest -->
        <test-method is-config="true" signature="tearDown()[pri:0, instance:testCases.TC_PC_001_Compare_MacbookTest@5b7a5baa]" started-at="2024-02-02T12:26:16 GMT" name="tearDown" finished-at="2024-02-02T12:26:20 GMT" duration-ms="4166" status="PASS">
          <reporter-output>
          </reporter-output>
        </test-method> <!-- tearDown -->
      </class> <!-- testCases.TC_PC_001_Compare_MacbookTest -->
    </test> <!-- Test -->
  </suite> <!-- Suite -->
</testng-results>
